TRACE:0: calling pi code
TRACE:1: dev_barrier
TRACE:2: GET32(0x20200058) = 0x625558ec
TRACE:3: PUT32(0x20200058) = 0x625558ed
TRACE:4: dev_barrier
TRACE:5: PUT32(0x2000b214) = 0x20000
TRACE:6: dev_barrier
TRACE:7: dev_barrier
TRACE:8: GET32(0x20200058) = 0x625558ed
TRACE:9: PUT32(0x20200058) = 0x625558ef
TRACE:10: dev_barrier
TRACE:11: PUT32(0x2000b214) = 0x20000
TRACE:12: dev_barrier
TRACE:13: dev_barrier
TRACE:14: GET32(0x20200058) = 0x625558ef
TRACE:15: PUT32(0x20200058) = 0x625558ef
TRACE:16: dev_barrier
TRACE:17: PUT32(0x2000b214) = 0x20000
TRACE:18: dev_barrier
TRACE:19: dev_barrier
TRACE:20: GET32(0x20200058) = 0x625558ef
TRACE:21: PUT32(0x20200058) = 0x625558ef
TRACE:22: dev_barrier
TRACE:23: PUT32(0x2000b214) = 0x20000
TRACE:24: dev_barrier
TRACE:25: dev_barrier
TRACE:26: GET32(0x20200058) = 0x625558ef
TRACE:27: PUT32(0x20200058) = 0x625558ff
TRACE:28: dev_barrier
TRACE:29: PUT32(0x2000b214) = 0x20000
TRACE:30: dev_barrier
TRACE:31: dev_barrier
TRACE:32: GET32(0x20200058) = 0x625558ff
TRACE:33: PUT32(0x20200058) = 0x625558ff
TRACE:34: dev_barrier
TRACE:35: PUT32(0x2000b214) = 0x20000
TRACE:36: dev_barrier
TRACE:37: dev_barrier
TRACE:38: GET32(0x20200058) = 0x625558ff
TRACE:39: PUT32(0x20200058) = 0x625558ff
TRACE:40: dev_barrier
TRACE:41: PUT32(0x2000b214) = 0x20000
TRACE:42: dev_barrier
TRACE:43: dev_barrier
TRACE:44: GET32(0x20200058) = 0x625558ff
TRACE:45: PUT32(0x20200058) = 0x625558ff
TRACE:46: dev_barrier
TRACE:47: PUT32(0x2000b214) = 0x20000
TRACE:48: dev_barrier
TRACE:49: dev_barrier
TRACE:50: GET32(0x20200058) = 0x625558ff
TRACE:51: PUT32(0x20200058) = 0x625559ff
TRACE:52: dev_barrier
TRACE:53: PUT32(0x2000b214) = 0x20000
TRACE:54: dev_barrier
TRACE:55: dev_barrier
TRACE:56: GET32(0x20200058) = 0x625559ff
TRACE:57: PUT32(0x20200058) = 0x62555bff
TRACE:58: dev_barrier
TRACE:59: PUT32(0x2000b214) = 0x20000
TRACE:60: dev_barrier
TRACE:61: dev_barrier
TRACE:62: GET32(0x20200058) = 0x62555bff
TRACE:63: PUT32(0x20200058) = 0x62555fff
TRACE:64: dev_barrier
TRACE:65: PUT32(0x2000b214) = 0x20000
TRACE:66: dev_barrier
TRACE:67: dev_barrier
TRACE:68: GET32(0x20200058) = 0x62555fff
TRACE:69: PUT32(0x20200058) = 0x62555fff
TRACE:70: dev_barrier
TRACE:71: PUT32(0x2000b214) = 0x20000
TRACE:72: dev_barrier
TRACE:73: dev_barrier
TRACE:74: GET32(0x20200058) = 0x62555fff
TRACE:75: PUT32(0x20200058) = 0x62555fff
TRACE:76: dev_barrier
TRACE:77: PUT32(0x2000b214) = 0x20000
TRACE:78: dev_barrier
TRACE:79: dev_barrier
TRACE:80: GET32(0x20200058) = 0x62555fff
TRACE:81: PUT32(0x20200058) = 0x62557fff
TRACE:82: dev_barrier
TRACE:83: PUT32(0x2000b214) = 0x20000
TRACE:84: dev_barrier
TRACE:85: dev_barrier
TRACE:86: GET32(0x20200058) = 0x62557fff
TRACE:87: PUT32(0x20200058) = 0x62557fff
TRACE:88: dev_barrier
TRACE:89: PUT32(0x2000b214) = 0x20000
TRACE:90: dev_barrier
TRACE:91: dev_barrier
TRACE:92: GET32(0x20200058) = 0x62557fff
TRACE:93: PUT32(0x20200058) = 0x6255ffff
TRACE:94: dev_barrier
TRACE:95: PUT32(0x2000b214) = 0x20000
TRACE:96: dev_barrier
TRACE:97: dev_barrier
TRACE:98: GET32(0x20200058) = 0x6255ffff
TRACE:99: PUT32(0x20200058) = 0x6255ffff
TRACE:100: dev_barrier
TRACE:101: PUT32(0x2000b214) = 0x20000
TRACE:102: dev_barrier
TRACE:103: dev_barrier
TRACE:104: GET32(0x20200058) = 0x6255ffff
TRACE:105: PUT32(0x20200058) = 0x6257ffff
TRACE:106: dev_barrier
TRACE:107: PUT32(0x2000b214) = 0x20000
TRACE:108: dev_barrier
TRACE:109: dev_barrier
TRACE:110: GET32(0x20200058) = 0x6257ffff
TRACE:111: PUT32(0x20200058) = 0x6257ffff
TRACE:112: dev_barrier
TRACE:113: PUT32(0x2000b214) = 0x20000
TRACE:114: dev_barrier
TRACE:115: dev_barrier
TRACE:116: GET32(0x20200058) = 0x6257ffff
TRACE:117: PUT32(0x20200058) = 0x625fffff
TRACE:118: dev_barrier
TRACE:119: PUT32(0x2000b214) = 0x20000
TRACE:120: dev_barrier
TRACE:121: dev_barrier
TRACE:122: GET32(0x20200058) = 0x625fffff
TRACE:123: PUT32(0x20200058) = 0x625fffff
TRACE:124: dev_barrier
TRACE:125: PUT32(0x2000b214) = 0x20000
TRACE:126: dev_barrier
TRACE:127: dev_barrier
TRACE:128: GET32(0x20200058) = 0x625fffff
TRACE: exiting after 129 trace statements
TRACE: pi exited cleanly: 8 calls to random
