TRACE:0: calling pi code
TRACE:TRACE:1: dev_barrier
TRACE:2: GET32(0x20200040) = 0x625558ec
TRACE:3: dev_barrier
TRACE:4: DEV_VAL32=0x0
TRACE:TRACE:5: dev_barrier
TRACE:6: GET32(0x20200040) = 0x238e1f29
TRACE:7: dev_barrier
TRACE:8: DEV_VAL32=0x0
TRACE:TRACE:9: dev_barrier
TRACE:10: GET32(0x20200040) = 0x46e87ccd
TRACE:11: dev_barrier
TRACE:12: DEV_VAL32=0x1
TRACE:TRACE:13: dev_barrier
TRACE:14: GET32(0x20200040) = 0x3d1b58ba
TRACE:15: dev_barrier
TRACE:16: DEV_VAL32=0x1
TRACE:TRACE:17: dev_barrier
TRACE:18: GET32(0x20200040) = 0x507ed7ab
TRACE:19: dev_barrier
TRACE:20: DEV_VAL32=0x0
TRACE:TRACE:21: dev_barrier
TRACE:22: GET32(0x20200040) = 0x2eb141f2
TRACE:23: dev_barrier
TRACE:24: DEV_VAL32=0x1
TRACE:TRACE:25: dev_barrier
TRACE:26: GET32(0x20200040) = 0x41b71efb
TRACE:27: dev_barrier
TRACE:28: DEV_VAL32=0x1
TRACE:TRACE:29: dev_barrier
TRACE:30: GET32(0x20200040) = 0x79e2a9e3
TRACE:31: dev_barrier
TRACE:32: DEV_VAL32=0x1
TRACE:TRACE:33: dev_barrier
TRACE:34: GET32(0x20200040) = 0x7545e146
TRACE:35: dev_barrier
TRACE:36: DEV_VAL32=0x1
TRACE:TRACE:37: dev_barrier
TRACE:38: GET32(0x20200040) = 0x515f007c
TRACE:39: dev_barrier
TRACE:40: DEV_VAL32=0x0
TRACE:TRACE:41: dev_barrier
TRACE:42: GET32(0x20200040) = 0x5bd062c2
TRACE:43: dev_barrier
TRACE:44: DEV_VAL32=0x0
TRACE:TRACE:45: dev_barrier
TRACE:46: GET32(0x20200040) = 0x12200854
TRACE:47: dev_barrier
TRACE:48: DEV_VAL32=0x1
TRACE:TRACE:49: dev_barrier
TRACE:50: GET32(0x20200040) = 0x4db127f8
TRACE:51: dev_barrier
TRACE:52: DEV_VAL32=0x0
TRACE:TRACE:53: dev_barrier
TRACE:54: GET32(0x20200040) = 0x216231b
TRACE:55: dev_barrier
TRACE:56: DEV_VAL32=0x1
TRACE:TRACE:57: dev_barrier
TRACE:58: GET32(0x20200040) = 0x1f16e9e8
TRACE:59: dev_barrier
TRACE:60: DEV_VAL32=0x1
TRACE:TRACE:61: dev_barrier
TRACE:62: GET32(0x20200040) = 0x1190cde7
TRACE:63: dev_barrier
TRACE:64: DEV_VAL32=0x1
TRACE:TRACE:65: dev_barrier
TRACE:66: GET32(0x20200040) = 0x66ef438d
TRACE:67: dev_barrier
TRACE:68: DEV_VAL32=0x1
TRACE:TRACE:69: dev_barrier
TRACE:70: GET32(0x20200040) = 0x140e0f76
TRACE:71: dev_barrier
TRACE:72: DEV_VAL32=0x1
TRACE:TRACE:73: dev_barrier
TRACE:74: GET32(0x20200040) = 0x3352255a
TRACE:75: dev_barrier
TRACE:76: DEV_VAL32=0x0
TRACE:TRACE:77: dev_barrier
TRACE:78: GET32(0x20200040) = 0x109cf92e
TRACE:79: dev_barrier
TRACE:80: DEV_VAL32=0x1
TRACE:TRACE:81: dev_barrier
TRACE:82: GET32(0x20200040) = 0xded7263
TRACE:83: dev_barrier
TRACE:84: DEV_VAL32=0x0
TRACE:TRACE:85: dev_barrier
TRACE:86: GET32(0x20200040) = 0x7fdcc233
TRACE:87: dev_barrier
TRACE:88: DEV_VAL32=0x0
TRACE:TRACE:89: dev_barrier
TRACE:90: GET32(0x20200040) = 0x1befd79f
TRACE:91: dev_barrier
TRACE:92: DEV_VAL32=0x1
TRACE:TRACE:93: dev_barrier
TRACE:94: GET32(0x20200040) = 0x41a7c4c9
TRACE:95: dev_barrier
TRACE:96: DEV_VAL32=0x1
TRACE:TRACE:97: dev_barrier
TRACE:98: GET32(0x20200040) = 0x6b68079a
TRACE:99: dev_barrier
TRACE:100: DEV_VAL32=0x1
TRACE:TRACE:101: dev_barrier
TRACE:102: GET32(0x20200040) = 0x4e6afb66
TRACE:103: dev_barrier
TRACE:104: DEV_VAL32=0x1
TRACE:TRACE:105: dev_barrier
TRACE:106: GET32(0x20200040) = 0x25e45d32
TRACE:107: dev_barrier
TRACE:108: DEV_VAL32=0x1
TRACE:TRACE:109: dev_barrier
TRACE:110: GET32(0x20200040) = 0x519b500d
TRACE:111: dev_barrier
TRACE:112: DEV_VAL32=0x0
TRACE:TRACE:113: dev_barrier
TRACE:114: GET32(0x20200040) = 0x431bd7b7
TRACE:115: dev_barrier
TRACE:116: DEV_VAL32=0x0
TRACE:TRACE:117: dev_barrier
TRACE:118: GET32(0x20200040) = 0x3f2dba31
TRACE:119: dev_barrier
TRACE:120: DEV_VAL32=0x1
TRACE:TRACE:121: dev_barrier
TRACE:122: GET32(0x20200040) = 0x7c83e458
TRACE:123: dev_barrier
TRACE:124: DEV_VAL32=0x1
TRACE:TRACE:125: dev_barrier
TRACE:126: GET32(0x20200040) = 0x257130a3
TRACE:127: dev_barrier
TRACE:128: DEV_VAL32=0x0
TRACE: exiting after 129 trace statements
TRACE: pi exited cleanly: 39 calls to random
