TRACE:0: calling pi code
TRACE:1: dev_barrier
TRACE:2: GET32(0x2020004c) = 0x625558ec
TRACE:3: PUT32(0x2020004c) = 0x625558ed
TRACE:4: dev_barrier
TRACE:5: GET32(0x2000b214) = 0x238e1f29
TRACE:6: PUT32(0x2000b214) = 0x238e1f29
TRACE:7: dev_barrier
TRACE:8: dev_barrier
TRACE:9: GET32(0x2020004c) = 0x625558ed
TRACE:10: PUT32(0x2020004c) = 0x625558ef
TRACE:11: dev_barrier
TRACE:12: GET32(0x2000b214) = 0x238e1f29
TRACE:13: PUT32(0x2000b214) = 0x238e1f29
TRACE:14: dev_barrier
TRACE:15: dev_barrier
TRACE:16: GET32(0x2020004c) = 0x625558ef
TRACE:17: PUT32(0x2020004c) = 0x625558ef
TRACE:18: dev_barrier
TRACE:19: GET32(0x2000b214) = 0x238e1f29
TRACE:20: PUT32(0x2000b214) = 0x238e1f29
TRACE:21: dev_barrier
TRACE:22: dev_barrier
TRACE:23: GET32(0x2020004c) = 0x625558ef
TRACE:24: PUT32(0x2020004c) = 0x625558ef
TRACE:25: dev_barrier
TRACE:26: GET32(0x2000b214) = 0x238e1f29
TRACE:27: PUT32(0x2000b214) = 0x238e1f29
TRACE:28: dev_barrier
TRACE:29: dev_barrier
TRACE:30: GET32(0x2020004c) = 0x625558ef
TRACE:31: PUT32(0x2020004c) = 0x625558ff
TRACE:32: dev_barrier
TRACE:33: GET32(0x2000b214) = 0x238e1f29
TRACE:34: PUT32(0x2000b214) = 0x238e1f29
TRACE:35: dev_barrier
TRACE:36: dev_barrier
TRACE:37: GET32(0x2020004c) = 0x625558ff
TRACE:38: PUT32(0x2020004c) = 0x625558ff
TRACE:39: dev_barrier
TRACE:40: GET32(0x2000b214) = 0x238e1f29
TRACE:41: PUT32(0x2000b214) = 0x238e1f29
TRACE:42: dev_barrier
TRACE:43: dev_barrier
TRACE:44: GET32(0x2020004c) = 0x625558ff
TRACE:45: PUT32(0x2020004c) = 0x625558ff
TRACE:46: dev_barrier
TRACE:47: GET32(0x2000b214) = 0x238e1f29
TRACE:48: PUT32(0x2000b214) = 0x238e1f29
TRACE:49: dev_barrier
TRACE:50: dev_barrier
TRACE:51: GET32(0x2020004c) = 0x625558ff
TRACE:52: PUT32(0x2020004c) = 0x625558ff
TRACE:53: dev_barrier
TRACE:54: GET32(0x2000b214) = 0x238e1f29
TRACE:55: PUT32(0x2000b214) = 0x238e1f29
TRACE:56: dev_barrier
TRACE:57: dev_barrier
TRACE:58: GET32(0x2020004c) = 0x625558ff
TRACE:59: PUT32(0x2020004c) = 0x625559ff
TRACE:60: dev_barrier
TRACE:61: GET32(0x2000b214) = 0x238e1f29
TRACE:62: PUT32(0x2000b214) = 0x238e1f29
TRACE:63: dev_barrier
TRACE:64: dev_barrier
TRACE:65: GET32(0x2020004c) = 0x625559ff
TRACE:66: PUT32(0x2020004c) = 0x62555bff
TRACE:67: dev_barrier
TRACE:68: GET32(0x2000b214) = 0x238e1f29
TRACE:69: PUT32(0x2000b214) = 0x238e1f29
TRACE:70: dev_barrier
TRACE:71: dev_barrier
TRACE:72: GET32(0x2020004c) = 0x62555bff
TRACE:73: PUT32(0x2020004c) = 0x62555fff
TRACE:74: dev_barrier
TRACE:75: GET32(0x2000b214) = 0x238e1f29
TRACE:76: PUT32(0x2000b214) = 0x238e1f29
TRACE:77: dev_barrier
TRACE:78: dev_barrier
TRACE:79: GET32(0x2020004c) = 0x62555fff
TRACE:80: PUT32(0x2020004c) = 0x62555fff
TRACE:81: dev_barrier
TRACE:82: GET32(0x2000b214) = 0x238e1f29
TRACE:83: PUT32(0x2000b214) = 0x238e1f29
TRACE:84: dev_barrier
TRACE:85: dev_barrier
TRACE:86: GET32(0x2020004c) = 0x62555fff
TRACE:87: PUT32(0x2020004c) = 0x62555fff
TRACE:88: dev_barrier
TRACE:89: GET32(0x2000b214) = 0x238e1f29
TRACE:90: PUT32(0x2000b214) = 0x238e1f29
TRACE:91: dev_barrier
TRACE:92: dev_barrier
TRACE:93: GET32(0x2020004c) = 0x62555fff
TRACE:94: PUT32(0x2020004c) = 0x62557fff
TRACE:95: dev_barrier
TRACE:96: GET32(0x2000b214) = 0x238e1f29
TRACE:97: PUT32(0x2000b214) = 0x238e1f29
TRACE:98: dev_barrier
TRACE:99: dev_barrier
TRACE:100: GET32(0x2020004c) = 0x62557fff
TRACE:101: PUT32(0x2020004c) = 0x62557fff
TRACE:102: dev_barrier
TRACE:103: GET32(0x2000b214) = 0x238e1f29
TRACE:104: PUT32(0x2000b214) = 0x238e1f29
TRACE:105: dev_barrier
TRACE:106: dev_barrier
TRACE:107: GET32(0x2020004c) = 0x62557fff
TRACE:108: PUT32(0x2020004c) = 0x6255ffff
TRACE:109: dev_barrier
TRACE:110: GET32(0x2000b214) = 0x238e1f29
TRACE:111: PUT32(0x2000b214) = 0x238e1f29
TRACE:112: dev_barrier
TRACE:113: dev_barrier
TRACE:114: GET32(0x2020004c) = 0x6255ffff
TRACE:115: PUT32(0x2020004c) = 0x6255ffff
TRACE:116: dev_barrier
TRACE:117: GET32(0x2000b214) = 0x238e1f29
TRACE:118: PUT32(0x2000b214) = 0x238e1f29
TRACE:119: dev_barrier
TRACE:120: dev_barrier
TRACE:121: GET32(0x2020004c) = 0x6255ffff
TRACE:122: PUT32(0x2020004c) = 0x6257ffff
TRACE:123: dev_barrier
TRACE:124: GET32(0x2000b214) = 0x238e1f29
TRACE:125: PUT32(0x2000b214) = 0x238e1f29
TRACE:126: dev_barrier
TRACE:127: dev_barrier
TRACE:128: GET32(0x2020004c) = 0x6257ffff
TRACE: exiting after 129 trace statements
TRACE: pi exited cleanly: 9 calls to random
